#
# There is insufficient memory for the Java Runtime Environment to continue.
# Native memory allocation (malloc) failed to allocate 2097152 bytes for AllocateHeap
# Possible reasons:
#   The system is out of physical RAM or swap space
#   The process is running with CompressedOops enabled, and the Java Heap may be blocking the growth of the native heap
# Possible solutions:
#   Reduce memory load on the system
#   Increase physical memory or swap space
#   Check if swap backing store is full
#   Decrease Java heap size (-Xmx/-Xms)
#   Decrease number of Java threads
#   Decrease Java thread stack sizes (-Xss)
#   Set larger code cache with -XX:ReservedCodeCacheSize=
#   JVM is running with Unscaled Compressed Oops mode in which the Java heap is
#     placed in the first 4GB address space. The Java Heap base address is the
#     maximum limit for the native heap growth. Please use -XX:HeapBaseMinAddress
#     to set the Java Heap base and to place the Java Heap above 4GB virtual address.
# This output file may be truncated or incomplete.
#
#  Out of Memory Error (allocation.cpp:44), pid=27652, tid=4344
#
# JRE version: OpenJDK Runtime Environment Temurin-17.0.9+9 (17.0.9+9) (build 17.0.9+9)
# Java VM: OpenJDK 64-Bit Server VM Temurin-17.0.9+9 (17.0.9+9, mixed mode, emulated-client, tiered, compressed oops, compressed class ptrs, g1 gc, windows-amd64)
# No core dump will be written. Minidumps are not enabled by default on client versions of Windows
#

---------------  S U M M A R Y ------------

Command Line: -XX:+HeapDumpOnOutOfMemoryError -Xmx1024m -Dsts.lsp.client=vscode -Dsts.log.file=/dev/null -XX:TieredStopAtLevel=1 -Xlog:jni+resolve=off -Dspring.config.location=file:c:\Users\60179\.vscode\extensions\vmware.vscode-spring-boot-1.51.0\language-server\BOOT-INF\classes\application.properties org.springframework.ide.vscode.boot.app.BootLanguageServerBootApp

Host: AMD Ryzen 5 3500U with Radeon Vega Mobile Gfx  , 8 cores, 6G,  Windows 10 , 64 bit Build 19041 (10.0.19041.3636)
Time: Fri Jan 12 01:32:32 2024 Malay Peninsula Standard Time elapsed time: 910.825422 seconds (0d 0h 15m 10s)

---------------  T H R E A D  ---------------

Current thread (0x0000020f846f7020):  VMThread "VM Thread" [stack: 0x000000434ef00000,0x000000434f000000] [id=4344]

Stack: [0x000000434ef00000,0x000000434f000000]
Native frames: (J=compiled Java code, j=interpreted, Vv=VM code, C=native code)
V  [jvm.dll+0x67cf49]
V  [jvm.dll+0x83478a]
V  [jvm.dll+0x83624e]
V  [jvm.dll+0x8368b3]
V  [jvm.dll+0x247f1f]
V  [jvm.dll+0xa6b4b]
V  [jvm.dll+0x2f8f01]
V  [jvm.dll+0x2f4af0]
V  [jvm.dll+0x2dd0d7]
V  [jvm.dll+0x320357]
V  [jvm.dll+0x83adab]
V  [jvm.dll+0x83baf1]
V  [jvm.dll+0x83c00d]
V  [jvm.dll+0x83c3e4]
V  [jvm.dll+0x83c4b0]
V  [jvm.dll+0x7e3c3a]
V  [jvm.dll+0x67be35]
C  [ucrtbase.dll+0x21bb2]
C  [KERNEL32.DLL+0x17344]
C  [ntdll.dll+0x526b1]

VM_Operation (0x00000043506ff2a0): G1CollectFull, mode: safepoint, requested by thread 0x0000020f8a242b00


---------------  P R O C E S S  ---------------

Threads class SMR info:
_java_thread_list=0x0000020f8a3c3030, length=19, elements={
0x0000020f8470bb30, 0x0000020f8470c9b0, 0x0000020f84739a30, 0x0000020f8473a7c0,
0x0000020f8473e2a0, 0x0000020f8473ec60, 0x0000020f8473f6d0, 0x0000020f84756640,
0x0000020f84a64640, 0x0000020f84a66fc0, 0x0000020f8a28bdb0, 0x0000020f8a242b00,
0x0000020f8a242fe0, 0x0000020ff98a7670, 0x0000020f8a314040, 0x0000020f8a355360,
0x0000020f8a373f80, 0x0000020f8a391b70, 0x0000020f8a394060
}

Java Threads: ( => current thread )
  0x0000020f8470bb30 JavaThread "Reference Handler" daemon [_thread_blocked, id=31680, stack(0x000000434f000000,0x000000434f100000)]
  0x0000020f8470c9b0 JavaThread "Finalizer" daemon [_thread_blocked, id=9052, stack(0x000000434f100000,0x000000434f200000)]
  0x0000020f84739a30 JavaThread "Signal Dispatcher" daemon [_thread_blocked, id=6432, stack(0x000000434f200000,0x000000434f300000)]
  0x0000020f8473a7c0 JavaThread "Attach Listener" daemon [_thread_blocked, id=31100, stack(0x000000434f300000,0x000000434f400000)]
  0x0000020f8473e2a0 JavaThread "Service Thread" daemon [_thread_blocked, id=18204, stack(0x000000434f400000,0x000000434f500000)]
  0x0000020f8473ec60 JavaThread "Monitor Deflation Thread" daemon [_thread_blocked, id=30488, stack(0x000000434f500000,0x000000434f600000)]
  0x0000020f8473f6d0 JavaThread "C1 CompilerThread0" daemon [_thread_blocked, id=23036, stack(0x000000434f600000,0x000000434f700000)]
  0x0000020f84756640 JavaThread "Sweeper thread" daemon [_thread_blocked, id=17616, stack(0x000000434f700000,0x000000434f800000)]
  0x0000020f84a64640 JavaThread "Notification Thread" daemon [_thread_blocked, id=12128, stack(0x000000434f800000,0x000000434f900000)]
  0x0000020f84a66fc0 JavaThread "Common-Cleaner" daemon [_thread_blocked, id=21140, stack(0x000000434fa00000,0x000000434fb00000)]
  0x0000020f8a28bdb0 JavaThread "boundedElastic-evictor-1" daemon [_thread_blocked, id=11852, stack(0x0000004350100000,0x0000004350200000)]
  0x0000020f8a242b00 JavaThread "pool-12-thread-1" [_thread_blocked, id=31408, stack(0x0000004350600000,0x0000004350700000)]
  0x0000020f8a242fe0 JavaThread "LanguageServerApp-lifecycle" [_thread_blocked, id=20032, stack(0x0000004350700000,0x0000004350800000)]
  0x0000020ff98a7670 JavaThread "DestroyJavaVM" [_thread_blocked, id=28936, stack(0x000000434e900000,0x000000434ea00000)]
  0x0000020f8a314040 JavaThread "pool-13-thread-1" [_thread_in_native, id=31084, stack(0x0000004350800000,0x0000004350900000)]
  0x0000020f8a355360 JavaThread "Simple-Language-Server main thread" daemon [_thread_blocked, id=20860, stack(0x0000004350900000,0x0000004350a00000)]
  0x0000020f8a373f80 JavaThread "pool-8-thread-1" [_thread_blocked, id=5972, stack(0x0000004350a00000,0x0000004350b00000)]
  0x0000020f8a391b70 JavaThread "parallel-1" daemon [_thread_blocked, id=6512, stack(0x0000004350b00000,0x0000004350c00000)]
  0x0000020f8a394060 JavaThread "Reconciler-1" daemon [_thread_blocked, id=2868, stack(0x0000004350c00000,0x0000004350d00000)]

Other Threads:
=>0x0000020f846f7020 VMThread "VM Thread" [stack: 0x000000434ef00000,0x000000434f000000] [id=4344]
  0x0000020f84a64b20 WatcherThread [stack: 0x000000434f900000,0x000000434fa00000] [id=35116]
  0x0000020ff98e5cf0 GCTaskThread "GC Thread#0" [stack: 0x000000434ea00000,0x000000434eb00000] [id=34248]
  0x0000020f8988c3a0 GCTaskThread "GC Thread#1" [stack: 0x000000434fc00000,0x000000434fd00000] [id=20428]
  0x0000020f898ad320 GCTaskThread "GC Thread#2" [stack: 0x000000434fd00000,0x000000434fe00000] [id=16572]
  0x0000020f898ad5e0 GCTaskThread "GC Thread#3" [stack: 0x000000434fe00000,0x000000434ff00000] [id=14956]
  0x0000020f8973d690 GCTaskThread "GC Thread#4" [stack: 0x000000434ff00000,0x0000004350000000] [id=21764]
  0x0000020f8973d950 GCTaskThread "GC Thread#5" [stack: 0x0000004350000000,0x0000004350100000] [id=26156]
  0x0000020f89ce18a0 GCTaskThread "GC Thread#6" [stack: 0x0000004350300000,0x0000004350400000] [id=14456]
  0x0000020f89ce1b60 GCTaskThread "GC Thread#7" [stack: 0x0000004350400000,0x0000004350500000] [id=21872]
  0x0000020ff98eec40 ConcurrentGCThread "G1 Main Marker" [stack: 0x000000434eb00000,0x000000434ec00000] [id=13932]
  0x0000020ff98ef660 ConcurrentGCThread "G1 Conc#0" [stack: 0x000000434ec00000,0x000000434ed00000] [id=33096]
  0x0000020f89c72970 ConcurrentGCThread "G1 Conc#1" [stack: 0x0000004350500000,0x0000004350600000] [id=6712]
  0x0000020ff9953c00 ConcurrentGCThread "G1 Refine#0" [stack: 0x000000434ed00000,0x000000434ee00000] [id=19468]
  0x0000020ff9954630 ConcurrentGCThread "G1 Service" [stack: 0x000000434ee00000,0x000000434ef00000] [id=22352]

Threads with active compile tasks:
C1 CompilerThread0   910914 3573       1       java.lang.Long::longValue (5 bytes)

VM state: at safepoint (normal execution)

VM Mutex/Monitor currently owned by a thread:  ([mutex/lock_event])
[0x0000020ff7773140] Threads_lock - owner thread: 0x0000020f846f7020
[0x0000020ff98a69a0] Heap_lock - owner thread: 0x0000020f8a242b00

Heap address: 0x00000000c0000000, size: 1024 MB, Compressed Oops mode: 32-bit

CDS archive(s) not mapped
Compressed class space mapped at: 0x0000000100000000-0x0000000140000000, reserved size: 1073741824
Narrow klass base: 0x0000000000000000, Narrow klass shift: 3, Narrow klass range: 0x140000000

GC Precious Log:
 CPUs: 8 total, 8 available
 Memory: 7103M
 Large Page Support: Disabled
 NUMA Support: Disabled
 Compressed Oops: Enabled (32-bit)
 Heap Region Size: 1M
 Heap Min Capacity: 8M
 Heap Initial Capacity: 112M
 Heap Max Capacity: 1G
 Pre-touch: Disabled
 Parallel Workers: 8
 Concurrent Workers: 2
 Concurrent Refinement Workers: 8
 Periodic GC: Disabled

Heap:
 garbage-first heap   total 68608K, used 22115K [0x00000000c0000000, 0x0000000100000000)
  region size 1024K, 1 young (1024K), 0 survivors (0K)
 Metaspace       used 38447K, committed 38976K, reserved 1114112K
  class space    used 5057K, committed 5248K, reserved 1048576K

Heap Regions: E=young(eden), S=young(survivor), O=old, HS=humongous(starts), HC=humongous(continues), CS=collection set, F=free, OA=open archive, CA=closed archive, TAMS=top-at-mark-start (previous, next)
|   0|0x00000000c0000000, 0x00000000c0100000, 0x00000000c0100000|100%|HS|  |TAMS 0x00000000c0100000, 0x00000000c0000000| Untracked 
|   1|0x00000000c0100000, 0x00000000c0200000, 0x00000000c0200000|100%|HC|  |TAMS 0x00000000c0200000, 0x00000000c0100000| Untracked 
|   2|0x00000000c0200000, 0x00000000c0300000, 0x00000000c0300000|100%|HC|  |TAMS 0x00000000c0300000, 0x00000000c0200000| Untracked 
|   3|0x00000000c0300000, 0x00000000c0400000, 0x00000000c0400000|100%|HC|  |TAMS 0x00000000c0400000, 0x00000000c0300000| Untracked 
|   4|0x00000000c0400000, 0x00000000c0500000, 0x00000000c0500000|100%| O|  |TAMS 0x00000000c0500000, 0x00000000c0400000| Untracked 
|   5|0x00000000c0500000, 0x00000000c05ffd48, 0x00000000c0600000| 99%| O|  |TAMS 0x00000000c05ffd48, 0x00000000c0500000| Untracked 
|   6|0x00000000c0600000, 0x00000000c06fffd8, 0x00000000c0700000| 99%| O|  |TAMS 0x00000000c06fffd8, 0x00000000c0600000| Untracked 
|   7|0x00000000c0700000, 0x00000000c0800000, 0x00000000c0800000|100%| O|  |TAMS 0x00000000c0800000, 0x00000000c0700000| Untracked 
|   8|0x00000000c0800000, 0x00000000c08fb540, 0x00000000c0900000| 98%| O|  |TAMS 0x00000000c08fb540, 0x00000000c0800000| Untracked 
|   9|0x00000000c0900000, 0x00000000c09fffb0, 0x00000000c0a00000| 99%| O|  |TAMS 0x00000000c09fffb0, 0x00000000c0900000| Untracked 
|  10|0x00000000c0a00000, 0x00000000c0affff8, 0x00000000c0b00000| 99%| O|  |TAMS 0x00000000c0affff8, 0x00000000c0a00000| Untracked 
|  11|0x00000000c0b00000, 0x00000000c0bfcc70, 0x00000000c0c00000| 98%| O|  |TAMS 0x00000000c0bfcc70, 0x00000000c0b00000| Untracked 
|  12|0x00000000c0c00000, 0x00000000c0d00000, 0x00000000c0d00000|100%| O|  |TAMS 0x00000000c0d00000, 0x00000000c0c00000| Untracked 
|  13|0x00000000c0d00000, 0x00000000c0dfffe8, 0x00000000c0e00000| 99%| O|  |TAMS 0x00000000c0dfffe8, 0x00000000c0d00000| Untracked 
|  14|0x00000000c0e00000, 0x00000000c0efffe0, 0x00000000c0f00000| 99%| O|  |TAMS 0x00000000c0efffe0, 0x00000000c0e00000| Untracked 
|  15|0x00000000c0f00000, 0x00000000c1000000, 0x00000000c1000000|100%| O|  |TAMS 0x00000000c1000000, 0x00000000c0f00000| Untracked 
|  16|0x00000000c1000000, 0x00000000c10fff70, 0x00000000c1100000| 99%| O|  |TAMS 0x00000000c10fff70, 0x00000000c1000000| Untracked 
|  17|0x00000000c1100000, 0x00000000c11ffff0, 0x00000000c1200000| 99%| O|  |TAMS 0x00000000c11ffff0, 0x00000000c1100000| Untracked 
|  18|0x00000000c1200000, 0x00000000c12ffff0, 0x00000000c1300000| 99%| O|  |TAMS 0x00000000c12ffff0, 0x00000000c1200000| Untracked 
|  19|0x00000000c1300000, 0x00000000c13fffd8, 0x00000000c1400000| 99%| O|  |TAMS 0x00000000c13fffd8, 0x00000000c1300000| Untracked 
|  20|0x00000000c1400000, 0x00000000c1500000, 0x00000000c1500000|100%| O|  |TAMS 0x00000000c1400000, 0x00000000c1400000| Untracked 
|  21|0x00000000c1500000, 0x00000000c159eeb0, 0x00000000c1600000| 62%| O|  |TAMS 0x00000000c1500000, 0x00000000c1500000| Untracked 
|  22|0x00000000c1600000, 0x00000000c1602250, 0x00000000c1700000|  0%| O|  |TAMS 0x00000000c1600000, 0x00000000c1600000| Untracked 
|  23|0x00000000c1700000, 0x00000000c1700000, 0x00000000c1800000|  0%| F|  |TAMS 0x00000000c1700000, 0x00000000c1700000| Untracked 
|  24|0x00000000c1800000, 0x00000000c1800000, 0x00000000c1900000|  0%| F|  |TAMS 0x00000000c1800000, 0x00000000c1800000| Untracked 
|  25|0x00000000c1900000, 0x00000000c1900000, 0x00000000c1a00000|  0%| F|  |TAMS 0x00000000c1900000, 0x00000000c1900000| Untracked 
|  26|0x00000000c1a00000, 0x00000000c1a00000, 0x00000000c1b00000|  0%| F|  |TAMS 0x00000000c1a00000, 0x00000000c1a00000| Untracked 
|  27|0x00000000c1b00000, 0x00000000c1b00000, 0x00000000c1c00000|  0%| F|  |TAMS 0x00000000c1b00000, 0x00000000c1b00000| Untracked 
|  28|0x00000000c1c00000, 0x00000000c1c00000, 0x00000000c1d00000|  0%| F|  |TAMS 0x00000000c1c00000, 0x00000000c1c00000| Untracked 
|  29|0x00000000c1d00000, 0x00000000c1d00000, 0x00000000c1e00000|  0%| F|  |TAMS 0x00000000c1d00000, 0x00000000c1d00000| Untracked 
|  30|0x00000000c1e00000, 0x00000000c1e00000, 0x00000000c1f00000|  0%| F|  |TAMS 0x00000000c1e00000, 0x00000000c1e00000| Untracked 
|  31|0x00000000c1f00000, 0x00000000c1f00000, 0x00000000c2000000|  0%| F|  |TAMS 0x00000000c1f00000, 0x00000000c1f00000| Untracked 
|  32|0x00000000c2000000, 0x00000000c2000000, 0x00000000c2100000|  0%| F|  |TAMS 0x00000000c2000000, 0x00000000c2000000| Untracked 
|  33|0x00000000c2100000, 0x00000000c2100000, 0x00000000c2200000|  0%| F|  |TAMS 0x00000000c2100000, 0x00000000c2100000| Untracked 
|  34|0x00000000c2200000, 0x00000000c2200000, 0x00000000c2300000|  0%| F|  |TAMS 0x00000000c2200000, 0x00000000c2200000| Untracked 
|  35|0x00000000c2300000, 0x00000000c2300000, 0x00000000c2400000|  0%| F|  |TAMS 0x00000000c2300000, 0x00000000c2300000| Untracked 
|  36|0x00000000c2400000, 0x00000000c2400000, 0x00000000c2500000|  0%| F|  |TAMS 0x00000000c2400000, 0x00000000c2400000| Untracked 
|  37|0x00000000c2500000, 0x00000000c2500000, 0x00000000c2600000|  0%| F|  |TAMS 0x00000000c2500000, 0x00000000c2500000| Untracked 
|  38|0x00000000c2600000, 0x00000000c2600000, 0x00000000c2700000|  0%| F|  |TAMS 0x00000000c2600000, 0x00000000c2600000| Untracked 
|  39|0x00000000c2700000, 0x00000000c2700000, 0x00000000c2800000|  0%| F|  |TAMS 0x00000000c2700000, 0x00000000c2700000| Untracked 
|  40|0x00000000c2800000, 0x00000000c2800000, 0x00000000c2900000|  0%| F|  |TAMS 0x00000000c2800000, 0x00000000c2800000| Untracked 
|  41|0x00000000c2900000, 0x00000000c2900000, 0x00000000c2a00000|  0%| F|  |TAMS 0x00000000c2900000, 0x00000000c2900000| Untracked 
|  42|0x00000000c2a00000, 0x00000000c2a00000, 0x00000000c2b00000|  0%| F|  |TAMS 0x00000000c2a00000, 0x00000000c2a00000| Untracked 
|  43|0x00000000c2b00000, 0x00000000c2b00000, 0x00000000c2c00000|  0%| F|  |TAMS 0x00000000c2b00000, 0x00000000c2b00000| Untracked 
|  44|0x00000000c2c00000, 0x00000000c2c00000, 0x00000000c2d00000|  0%| F|  |TAMS 0x00000000c2c00000, 0x00000000c2c00000| Untracked 
|  45|0x00000000c2d00000, 0x00000000c2d00000, 0x00000000c2e00000|  0%| F|  |TAMS 0x00000000c2d00000, 0x00000000c2d00000| Untracked 
|  46|0x00000000c2e00000, 0x00000000c2e00000, 0x00000000c2f00000|  0%| F|  |TAMS 0x00000000c2e00000, 0x00000000c2e00000| Untracked 
|  47|0x00000000c2f00000, 0x00000000c2f00000, 0x00000000c3000000|  0%| F|  |TAMS 0x00000000c2f00000, 0x00000000c2f00000| Untracked 
|  48|0x00000000c3000000, 0x00000000c3000000, 0x00000000c3100000|  0%| F|  |TAMS 0x00000000c3000000, 0x00000000c3000000| Untracked 
|  49|0x00000000c3100000, 0x00000000c3100000, 0x00000000c3200000|  0%| F|  |TAMS 0x00000000c3100000, 0x00000000c3100000| Untracked 
|  50|0x00000000c3200000, 0x00000000c3200000, 0x00000000c3300000|  0%| F|  |TAMS 0x00000000c3200000, 0x00000000c3200000| Untracked 
|  51|0x00000000c3300000, 0x00000000c3300000, 0x00000000c3400000|  0%| F|  |TAMS 0x00000000c3300000, 0x00000000c3300000| Untracked 
|  52|0x00000000c3400000, 0x00000000c3400000, 0x00000000c3500000|  0%| F|  |TAMS 0x00000000c3400000, 0x00000000c3400000| Untracked 
|  53|0x00000000c3500000, 0x00000000c3500000, 0x00000000c3600000|  0%| F|  |TAMS 0x00000000c3500000, 0x00000000c3500000| Untracked 
|  54|0x00000000c3600000, 0x00000000c3600000, 0x00000000c3700000|  0%| F|  |TAMS 0x00000000c3600000, 0x00000000c3600000| Untracked 
|  55|0x00000000c3700000, 0x00000000c3700000, 0x00000000c3800000|  0%| F|  |TAMS 0x00000000c3700000, 0x00000000c3700000| Untracked 
|  56|0x00000000c3800000, 0x00000000c3800000, 0x00000000c3900000|  0%| F|  |TAMS 0x00000000c3800000, 0x00000000c3800000| Untracked 
|  57|0x00000000c3900000, 0x00000000c3900000, 0x00000000c3a00000|  0%| F|  |TAMS 0x00000000c3900000, 0x00000000c3900000| Untracked 
|  58|0x00000000c3a00000, 0x00000000c3a00000, 0x00000000c3b00000|  0%| F|  |TAMS 0x00000000c3a00000, 0x00000000c3a00000| Untracked 
|  59|0x00000000c3b00000, 0x00000000c3b00000, 0x00000000c3c00000|  0%| F|  |TAMS 0x00000000c3b00000, 0x00000000c3b00000| Untracked 
|  60|0x00000000c3c00000, 0x00000000c3c00000, 0x00000000c3d00000|  0%| F|  |TAMS 0x00000000c3c00000, 0x00000000c3c00000| Untracked 
|  74|0x00000000c4a00000, 0x00000000c4a00000, 0x00000000c4b00000|  0%| F|  |TAMS 0x00000000c4a00000, 0x00000000c4a00000| Untracked 
|  75|0x00000000c4b00000, 0x00000000c4b00000, 0x00000000c4c00000|  0%| F|  |TAMS 0x00000000c4b00000, 0x00000000c4b00000| Untracked 
|  76|0x00000000c4c00000, 0x00000000c4c00000, 0x00000000c4d00000|  0%| F|  |TAMS 0x00000000c4c00000, 0x00000000c4c00000| Untracked 
|  77|0x00000000c4d00000, 0x00000000c4d00000, 0x00000000c4e00000|  0%| F|  |TAMS 0x00000000c4d00000, 0x00000000c4d00000| Untracked 
|  78|0x00000000c4e00000, 0x00000000c4e00000, 0x00000000c4f00000|  0%| F|  |TAMS 0x00000000c4e00000, 0x00000000c4e00000| Untracked 
| 111|0x00000000c6f00000, 0x00000000c6f214b0, 0x00000000c7000000| 13%| E|  |TAMS 0x00000000c6f00000, 0x00000000c6f00000| Complete 

Card table byte_map: [0x0000020fff850000,0x0000020fffa50000] _byte_map_base: 0x0000020fff250000

Marking Bits (Prev, Next): (CMBitMap*) 0x0000020ff98e6310, (CMBitMap*) 0x0000020ff98e6350
 Prev Bits: [0x0000020f80000000, 0x0000020f81000000)
 Next Bits: [0x0000020f81000000, 0x0000020f82000000)

Polling page: 0x0000020ff9060000

Metaspace:

Usage:
  Non-class:     32.61 MB used.
      Class:      4.94 MB used.
       Both:     37.55 MB used.

Virtual space:
  Non-class space:       64.00 MB reserved,      32.94 MB ( 51%) committed,  1 nodes.
      Class space:        1.00 GB reserved,       5.12 MB ( <1%) committed,  1 nodes.
             Both:        1.06 GB reserved,      38.06 MB (  3%) committed. 

Chunk freelists:
   Non-Class:  14.54 MB
       Class:  10.96 MB
        Both:  25.50 MB

MaxMetaspaceSize: unlimited
CompressedClassSpaceSize: 1.00 GB
Initial GC threshold: 21.00 MB
Current GC threshold: 63.44 MB
CDS: off
MetaspaceReclaimPolicy: balanced
 - commit_granule_bytes: 65536.
 - commit_granule_words: 8192.
 - virtual_space_node_default_size: 8388608.
 - enlarge_chunks_in_place: 1.
 - new_chunks_are_fully_committed: 0.
 - uncommit_free_chunks: 1.
 - use_allocation_guard: 0.
 - handle_deallocations: 1.


Internal statistics:

num_allocs_failed_limit: 8.
num_arena_births: 502.
num_arena_deaths: 152.
num_vsnodes_births: 2.
num_vsnodes_deaths: 0.
num_space_committed: 609.
num_space_uncommitted: 0.
num_chunks_returned_to_freelist: 170.
num_chunks_taken_from_freelist: 1628.
num_chunk_merges: 54.
num_chunk_splits: 1142.
num_chunks_enlarged: 871.
num_inconsistent_stats: 0.

CodeCache: size=49152Kb used=6690Kb max_used=7757Kb free=42461Kb
 bounds [0x0000020ffc540000, 0x0000020ffcce0000, 0x0000020fff540000]
 total_blobs=4114 nmethods=3572 adapters=468
 compilation: enabled
              stopped_count=0, restarted_count=0
 full_count=0

Compilation events (20 events):
Event: 666.471 Thread 0x0000020f8473f6d0 nmethod 3561 0x0000020ffca1ff10 code [0x0000020ffca200a0, 0x0000020ffca20198]
Event: 686.242 Thread 0x0000020f8473f6d0 3562       1       java.util.concurrent.locks.LockSupport::setBlocker (12 bytes)
Event: 686.246 Thread 0x0000020f8473f6d0 nmethod 3562 0x0000020ffca1fc10 code [0x0000020ffca1fda0, 0x0000020ffca1fe98]
Event: 686.247 Thread 0x0000020f8473f6d0 3563       1       java.util.concurrent.ThreadPoolExecutor::getQueue (5 bytes)
Event: 686.251 Thread 0x0000020f8473f6d0 nmethod 3563 0x0000020ffca1f910 code [0x0000020ffca1faa0, 0x0000020ffca1fb78]
Event: 691.931 Thread 0x0000020f8473f6d0 3564       1       java.util.concurrent.locks.AbstractQueuedSynchronizer$ConditionObject::canReacquire (28 bytes)
Event: 691.939 Thread 0x0000020f8473f6d0 nmethod 3564 0x0000020ffca1f510 code [0x0000020ffca1f6a0, 0x0000020ffca1f7f8]
Event: 694.820 Thread 0x0000020f8473f6d0 3565       1       java.util.concurrent.ScheduledThreadPoolExecutor$DelayedWorkQueue::setIndex (16 bytes)
Event: 694.824 Thread 0x0000020f8473f6d0 nmethod 3565 0x0000020ffca1f190 code [0x0000020ffca1f320, 0x0000020ffca1f438]
Event: 696.192 Thread 0x0000020f8473f6d0 3566       1       java.util.concurrent.ScheduledThreadPoolExecutor$ScheduledFutureTask::getDelay (16 bytes)
Event: 696.196 Thread 0x0000020f8473f6d0 nmethod 3566 0x0000020ffca1ee10 code [0x0000020ffca1efa0, 0x0000020ffca1f0c8]
Event: 696.196 Thread 0x0000020f8473f6d0 3567       1       java.util.concurrent.TimeUnit::convert (77 bytes)
Event: 696.199 Thread 0x0000020f8473f6d0 nmethod 3567 0x0000020ffca1e810 code [0x0000020ffca1ea00, 0x0000020ffca1ec88]
Event: 717.607 Thread 0x0000020f8473f6d0 3568       1       java.lang.invoke.LambdaForm$MH/0x00000001000cec00::invoke (148 bytes)
Event: 717.614 Thread 0x0000020f8473f6d0 nmethod 3568 0x0000020ffca1dd90 code [0x0000020ffca1dfc0, 0x0000020ffca1e3c8]
Event: 868.823 Thread 0x0000020f8473f6d0 3571       1       java.lang.invoke.LambdaForm$MH/0x00000001000cc400::invoke (27 bytes)
Event: 868.850 Thread 0x0000020f8473f6d0 nmethod 3571 0x0000020ffca1d190 code [0x0000020ffca1d340, 0x0000020ffca1d498]
Event: 868.851 Thread 0x0000020f8473f6d0 3572       1       java.lang.StringConcatHelper::newArrayWithSuffix (40 bytes)
Event: 868.859 Thread 0x0000020f8473f6d0 nmethod 3572 0x0000020ffca1cb90 code [0x0000020ffca1cd60, 0x0000020ffca1cfd8]
Event: 910.799 Thread 0x0000020f8473f6d0 3573       1       java.lang.Long::longValue (5 bytes)

GC Heap History (20 events):
Event: 779.738 GC heap before
{Heap before GC invocations=69 (full 60):
 garbage-first heap   total 68608K, used 22115K [0x00000000c0000000, 0x0000000100000000)
  region size 1024K, 1 young (1024K), 0 survivors (0K)
 Metaspace       used 38447K, committed 38976K, reserved 1114112K
  class space    used 5057K, committed 5248K, reserved 1048576K
}
Event: 779.789 GC heap after
{Heap after GC invocations=70 (full 61):
 garbage-first heap   total 68608K, used 22115K [0x00000000c0000000, 0x0000000100000000)
  region size 1024K, 0 young (0K), 0 survivors (0K)
 Metaspace       used 38447K, committed 38976K, reserved 1114112K
  class space    used 5057K, committed 5248K, reserved 1048576K
}
Event: 794.213 GC heap before
{Heap before GC invocations=70 (full 61):
 garbage-first heap   total 68608K, used 22115K [0x00000000c0000000, 0x0000000100000000)
  region size 1024K, 1 young (1024K), 0 survivors (0K)
 Metaspace       used 38447K, committed 38976K, reserved 1114112K
  class space    used 5057K, committed 5248K, reserved 1048576K
}
Event: 794.299 GC heap after
{Heap after GC invocations=71 (full 62):
 garbage-first heap   total 68608K, used 22115K [0x00000000c0000000, 0x0000000100000000)
  region size 1024K, 0 young (0K), 0 survivors (0K)
 Metaspace       used 38447K, committed 38976K, reserved 1114112K
  class space    used 5057K, committed 5248K, reserved 1048576K
}
Event: 807.232 GC heap before
{Heap before GC invocations=71 (full 62):
 garbage-first heap   total 68608K, used 22115K [0x00000000c0000000, 0x0000000100000000)
  region size 1024K, 1 young (1024K), 0 survivors (0K)
 Metaspace       used 38447K, committed 38976K, reserved 1114112K
  class space    used 5057K, committed 5248K, reserved 1048576K
}
Event: 807.271 GC heap after
{Heap after GC invocations=72 (full 63):
 garbage-first heap   total 68608K, used 22115K [0x00000000c0000000, 0x0000000100000000)
  region size 1024K, 0 young (0K), 0 survivors (0K)
 Metaspace       used 38447K, committed 38976K, reserved 1114112K
  class space    used 5057K, committed 5248K, reserved 1048576K
}
Event: 820.773 GC heap before
{Heap before GC invocations=72 (full 63):
 garbage-first heap   total 68608K, used 22115K [0x00000000c0000000, 0x0000000100000000)
  region size 1024K, 1 young (1024K), 0 survivors (0K)
 Metaspace       used 38447K, committed 38976K, reserved 1114112K
  class space    used 5057K, committed 5248K, reserved 1048576K
}
Event: 820.818 GC heap after
{Heap after GC invocations=73 (full 64):
 garbage-first heap   total 68608K, used 22115K [0x00000000c0000000, 0x0000000100000000)
  region size 1024K, 0 young (0K), 0 survivors (0K)
 Metaspace       used 38447K, committed 38976K, reserved 1114112K
  class space    used 5057K, committed 5248K, reserved 1048576K
}
Event: 835.479 GC heap before
{Heap before GC invocations=73 (full 64):
 garbage-first heap   total 68608K, used 22115K [0x00000000c0000000, 0x0000000100000000)
  region size 1024K, 1 young (1024K), 0 survivors (0K)
 Metaspace       used 38447K, committed 38976K, reserved 1114112K
  class space    used 5057K, committed 5248K, reserved 1048576K
}
Event: 835.526 GC heap after
{Heap after GC invocations=74 (full 65):
 garbage-first heap   total 68608K, used 22115K [0x00000000c0000000, 0x0000000100000000)
  region size 1024K, 0 young (0K), 0 survivors (0K)
 Metaspace       used 38447K, committed 38976K, reserved 1114112K
  class space    used 5057K, committed 5248K, reserved 1048576K
}
Event: 847.776 GC heap before
{Heap before GC invocations=74 (full 65):
 garbage-first heap   total 68608K, used 22115K [0x00000000c0000000, 0x0000000100000000)
  region size 1024K, 1 young (1024K), 0 survivors (0K)
 Metaspace       used 38447K, committed 38976K, reserved 1114112K
  class space    used 5057K, committed 5248K, reserved 1048576K
}
Event: 847.821 GC heap after
{Heap after GC invocations=75 (full 66):
 garbage-first heap   total 68608K, used 22115K [0x00000000c0000000, 0x0000000100000000)
  region size 1024K, 0 young (0K), 0 survivors (0K)
 Metaspace       used 38447K, committed 38976K, reserved 1114112K
  class space    used 5057K, committed 5248K, reserved 1048576K
}
Event: 858.764 GC heap before
{Heap before GC invocations=75 (full 66):
 garbage-first heap   total 68608K, used 22115K [0x00000000c0000000, 0x0000000100000000)
  region size 1024K, 1 young (1024K), 0 survivors (0K)
 Metaspace       used 38447K, committed 38976K, reserved 1114112K
  class space    used 5057K, committed 5248K, reserved 1048576K
}
Event: 858.806 GC heap after
{Heap after GC invocations=76 (full 67):
 garbage-first heap   total 68608K, used 22115K [0x00000000c0000000, 0x0000000100000000)
  region size 1024K, 0 young (0K), 0 survivors (0K)
 Metaspace       used 38447K, committed 38976K, reserved 1114112K
  class space    used 5057K, committed 5248K, reserved 1048576K
}
Event: 869.955 GC heap before
{Heap before GC invocations=76 (full 67):
 garbage-first heap   total 68608K, used 22115K [0x00000000c0000000, 0x0000000100000000)
  region size 1024K, 1 young (1024K), 0 survivors (0K)
 Metaspace       used 38447K, committed 38976K, reserved 1114112K
  class space    used 5057K, committed 5248K, reserved 1048576K
}
Event: 869.995 GC heap after
{Heap after GC invocations=77 (full 68):
 garbage-first heap   total 68608K, used 22115K [0x00000000c0000000, 0x0000000100000000)
  region size 1024K, 0 young (0K), 0 survivors (0K)
 Metaspace       used 38447K, committed 38976K, reserved 1114112K
  class space    used 5057K, committed 5248K, reserved 1048576K
}
Event: 881.557 GC heap before
{Heap before GC invocations=77 (full 68):
 garbage-first heap   total 68608K, used 22115K [0x00000000c0000000, 0x0000000100000000)
  region size 1024K, 1 young (1024K), 0 survivors (0K)
 Metaspace       used 38447K, committed 38976K, reserved 1114112K
  class space    used 5057K, committed 5248K, reserved 1048576K
}
Event: 881.606 GC heap after
{Heap after GC invocations=78 (full 69):
 garbage-first heap   total 68608K, used 22115K [0x00000000c0000000, 0x0000000100000000)
  region size 1024K, 0 young (0K), 0 survivors (0K)
 Metaspace       used 38447K, committed 38976K, reserved 1114112K
  class space    used 5057K, committed 5248K, reserved 1048576K
}
Event: 894.410 GC heap before
{Heap before GC invocations=78 (full 69):
 garbage-first heap   total 68608K, used 22115K [0x00000000c0000000, 0x0000000100000000)
  region size 1024K, 1 young (1024K), 0 survivors (0K)
 Metaspace       used 38447K, committed 38976K, reserved 1114112K
  class space    used 5057K, committed 5248K, reserved 1048576K
}
Event: 894.461 GC heap after
{Heap after GC invocations=79 (full 70):
 garbage-first heap   total 68608K, used 22115K [0x00000000c0000000, 0x0000000100000000)
  region size 1024K, 0 young (0K), 0 survivors (0K)
 Metaspace       used 38447K, committed 38976K, reserved 1114112K
  class space    used 5057K, committed 5248K, reserved 1048576K
}

Dll operation events (8 events):
Event: 0.074 Loaded shared library c:\Users\60179\.vscode\extensions\redhat.java-1.26.0-win32-x64\jre\17.0.9-win32-x86_64\bin\java.dll
Event: 2.045 Loaded shared library C:\Users\60179\.vscode\extensions\redhat.java-1.26.0-win32-x64\jre\17.0.9-win32-x86_64\bin\net.dll
Event: 2.109 Loaded shared library C:\Users\60179\.vscode\extensions\redhat.java-1.26.0-win32-x64\jre\17.0.9-win32-x86_64\bin\nio.dll
Event: 2.141 Loaded shared library C:\Users\60179\.vscode\extensions\redhat.java-1.26.0-win32-x64\jre\17.0.9-win32-x86_64\bin\zip.dll
Event: 3.848 Loaded shared library C:\Users\60179\.vscode\extensions\redhat.java-1.26.0-win32-x64\jre\17.0.9-win32-x86_64\bin\jimage.dll
Event: 14.994 Loaded shared library c:\Users\60179\.vscode\extensions\redhat.java-1.26.0-win32-x64\jre\17.0.9-win32-x86_64\bin\verify.dll
Event: 16.888 Loaded shared library C:\Users\60179\.vscode\extensions\redhat.java-1.26.0-win32-x64\jre\17.0.9-win32-x86_64\bin\management.dll
Event: 16.896 Loaded shared library C:\Users\60179\.vscode\extensions\redhat.java-1.26.0-win32-x64\jre\17.0.9-win32-x86_64\bin\management_ext.dll

Deoptimization events (6 events):
Event: 10.486 Thread 0x0000020ff98a7670 DEOPT PACKING pc=0x0000020ffcab9299 sp=0x000000434e9fd760
Event: 10.486 Thread 0x0000020ff98a7670 DEOPT UNPACKING pc=0x0000020ffc597143 sp=0x000000434e9fcc40 mode 3
Event: 11.862 Thread 0x0000020ff98a7670 DEOPT PACKING pc=0x0000020ffcb33a55 sp=0x000000434e9feda0
Event: 11.862 Thread 0x0000020ff98a7670 DEOPT UNPACKING pc=0x0000020ffc597143 sp=0x000000434e9fe248 mode 3
Event: 17.808 Thread 0x0000020f8a355360 DEOPT PACKING pc=0x0000020ffccc4835 sp=0x00000043509fe000
Event: 17.808 Thread 0x0000020f8a355360 DEOPT UNPACKING pc=0x0000020ffc597143 sp=0x00000043509fd518 mode 3

Classes unloaded (20 events):
Event: 77.198 Thread 0x0000020f846f7020 Unloading class 0x00000001000d4800 'java/lang/invoke/LambdaForm$MH+0x00000001000d4800'
Event: 77.198 Thread 0x0000020f846f7020 Unloading class 0x00000001000d4400 'java/lang/invoke/LambdaForm$MH+0x00000001000d4400'
Event: 77.198 Thread 0x0000020f846f7020 Unloading class 0x00000001000ce800 'java/lang/invoke/LambdaForm$MH+0x00000001000ce800'
Event: 77.198 Thread 0x0000020f846f7020 Unloading class 0x00000001000ce400 'java/lang/invoke/LambdaForm$MH+0x00000001000ce400'
Event: 77.198 Thread 0x0000020f846f7020 Unloading class 0x00000001000ce000 'java/lang/invoke/LambdaForm$MH+0x00000001000ce000'
Event: 77.198 Thread 0x0000020f846f7020 Unloading class 0x00000001000cdc00 'java/lang/invoke/LambdaForm$MH+0x00000001000cdc00'
Event: 77.198 Thread 0x0000020f846f7020 Unloading class 0x00000001000cd800 'java/lang/invoke/LambdaForm$MH+0x00000001000cd800'
Event: 77.198 Thread 0x0000020f846f7020 Unloading class 0x00000001000cd400 'java/lang/invoke/LambdaForm$MH+0x00000001000cd400'
Event: 77.198 Thread 0x0000020f846f7020 Unloading class 0x00000001000ccc00 'java/lang/invoke/LambdaForm$MH+0x00000001000ccc00'
Event: 77.198 Thread 0x0000020f846f7020 Unloading class 0x00000001000cc800 'java/lang/invoke/LambdaForm$MH+0x00000001000cc800'
Event: 77.198 Thread 0x0000020f846f7020 Unloading class 0x00000001000cc000 'java/lang/invoke/LambdaForm$MH+0x00000001000cc000'
Event: 77.198 Thread 0x0000020f846f7020 Unloading class 0x00000001000cbc00 'java/lang/invoke/LambdaForm$MH+0x00000001000cbc00'
Event: 77.199 Thread 0x0000020f846f7020 Unloading class 0x00000001000cac00 'java/lang/invoke/LambdaForm$MH+0x00000001000cac00'
Event: 77.199 Thread 0x0000020f846f7020 Unloading class 0x00000001000ca400 'java/lang/invoke/LambdaForm$MH+0x00000001000ca400'
Event: 77.199 Thread 0x0000020f846f7020 Unloading class 0x00000001000ca000 'java/lang/invoke/LambdaForm$MH+0x00000001000ca000'
Event: 77.199 Thread 0x0000020f846f7020 Unloading class 0x00000001000c9c00 'java/lang/invoke/LambdaForm$MH+0x00000001000c9c00'
Event: 77.199 Thread 0x0000020f846f7020 Unloading class 0x00000001000c9800 'java/lang/invoke/LambdaForm$MH+0x00000001000c9800'
Event: 77.199 Thread 0x0000020f846f7020 Unloading class 0x00000001000c9400 'java/lang/invoke/LambdaForm$MH+0x00000001000c9400'
Event: 77.199 Thread 0x0000020f846f7020 Unloading class 0x00000001000c8c00 'java/lang/invoke/LambdaForm$MH+0x00000001000c8c00'
Event: 77.199 Thread 0x0000020f846f7020 Unloading class 0x00000001000c8400 'java/lang/invoke/LambdaForm$MH+0x00000001000c8400'

Classes redefined (0 events):
No events

Internal exceptions (20 events):
Event: 12.455 Thread 0x0000020ff98a7670 Exception <a 'java/lang/NoSuchMethodError'{0x00000000c36c5600}: 'java.lang.Object java.lang.invoke.DirectMethodHandle$Holder.invokeSpecial(java.lang.Object, java.lang.Object, int, java.lang.Object, java.lang.Object)'> (0x00000000c36c5600) 
thrown [s\src\hotspot\share\interpreter\linkResolver.cpp, line 759]
Event: 12.456 Thread 0x0000020ff98a7670 Exception <a 'java/lang/NoSuchMethodError'{0x00000000c36c92a8}: 'java.lang.Object java.lang.invoke.DelegatingMethodHandle$Holder.delegate(java.lang.Object, int, java.lang.Object, java.lang.Object)'> (0x00000000c36c92a8) 
thrown [s\src\hotspot\share\interpreter\linkResolver.cpp, line 759]
Event: 12.460 Thread 0x0000020ff98a7670 Exception <a 'java/lang/NoSuchMethodError'{0x00000000c36da130}: 'int java.lang.invoke.Invokers$Holder.linkToTargetMethod(java.lang.Object, java.lang.Object, java.lang.Object)'> (0x00000000c36da130) 
thrown [s\src\hotspot\share\interpreter\linkResolver.cpp, line 759]
Event: 12.944 Thread 0x0000020ff98a7670 Exception <a 'java/lang/NoSuchMethodError'{0x00000000c31467c8}: 'java.lang.Object java.lang.invoke.DirectMethodHandle$Holder.invokeStaticInit(java.lang.Object, int, int, int, int)'> (0x00000000c31467c8) 
thrown [s\src\hotspot\share\interpreter\linkResolver.cpp, line 759]
Event: 13.382 Thread 0x0000020ff98a7670 Exception <a 'java/lang/NoSuchMethodError'{0x00000000c3024af8}: 'java.lang.Object java.lang.invoke.DirectMethodHandle$Holder.invokeStaticInit(java.lang.Object, java.lang.Object, int, int, int, int)'> (0x00000000c3024af8) 
thrown [s\src\hotspot\share\interpreter\linkResolver.cpp, line 759]
Event: 14.429 Thread 0x0000020ff98a7670 Exception <a 'java/lang/NoSuchMethodError'{0x00000000c4b38670}: 'void java.lang.invoke.DirectMethodHandle$Holder.invokeSpecialIFC(java.lang.Object, java.lang.Object, java.lang.Object)'> (0x00000000c4b38670) 
thrown [s\src\hotspot\share\interpreter\linkResolver.cpp, line 759]
Event: 15.364 Thread 0x0000020ff98a7670 Exception <a 'java/lang/NoSuchMethodError'{0x00000000c2e9c168}: 'int java.lang.invoke.DirectMethodHandle$Holder.invokeStaticInit(java.lang.Object, java.lang.Object, int, java.lang.Object)'> (0x00000000c2e9c168) 
thrown [s\src\hotspot\share\interpreter\linkResolver.cpp, line 759]
Event: 15.463 Thread 0x0000020ff98a7670 Exception <a 'java/lang/NoSuchMethodError'{0x00000000c2da8c10}: 'void java.lang.invoke.DirectMethodHandle$Holder.invokeSpecial(java.lang.Object, java.lang.Object, java.lang.Object, java.lang.Object, java.lang.Object, java.lang.Object, java.lang.Object)'> (0x00000000c2da8c10) 
thrown [s\src\hotspot\share\interpreter\linkResolver.cpp, line 759]
Event: 15.956 Thread 0x0000020ff98a7670 Exception <a 'java/lang/NoSuchMethodError'{0x00000000c4db4828}: 'java.lang.Object java.lang.invoke.DirectMethodHandle$Holder.invokeInterface(java.lang.Object, java.lang.Object, int)'> (0x00000000c4db4828) 
thrown [s\src\hotspot\share\interpreter\linkResolver.cpp, line 759]
Event: 15.962 Thread 0x0000020ff98a7670 Exception <a 'java/lang/IncompatibleClassChangeError'{0x00000000c4dc7df0}: Found class java.lang.Object, but interface was expected> (0x00000000c4dc7df0) 
thrown [s\src\hotspot\share\interpreter\linkResolver.cpp, line 826]
Event: 16.811 Thread 0x0000020ff98a7670 Exception <a 'java/lang/NoSuchMethodError'{0x00000000c4ead390}: 'java.lang.Object java.lang.invoke.DirectMethodHandle$Holder.newInvokeSpecial(java.lang.Object, java.lang.Object, int, java.lang.Object, java.lang.Object)'> (0x00000000c4ead390) 
thrown [s\src\hotspot\share\interpreter\linkResolver.cpp, line 759]
Event: 16.813 Thread 0x0000020ff98a7670 Exception <a 'java/lang/NoSuchMethodError'{0x00000000c4ec0128}: 'java.lang.Object java.lang.invoke.DirectMethodHandle$Holder.invokeSpecial(java.lang.Object, java.lang.Object, int, java.lang.Object, int, java.lang.Object)'> (0x00000000c4ec0128) 
thrown [s\src\hotspot\share\interpreter\linkResolver.cpp, line 759]
Event: 16.814 Thread 0x0000020ff98a7670 Exception <a 'java/lang/NoSuchMethodError'{0x00000000c4ec7f30}: 'java.lang.Object java.lang.invoke.DirectMethodHandle$Holder.newInvokeSpecial(java.lang.Object, java.lang.Object, int, java.lang.Object, int)'> (0x00000000c4ec7f30) 
thrown [s\src\hotspot\share\interpreter\linkResolver.cpp, line 759]
Event: 16.814 Thread 0x0000020ff98a7670 Exception <a 'java/lang/NoSuchMethodError'{0x00000000c4ecc030}: 'java.lang.Object java.lang.invoke.DirectMethodHandle$Holder.invokeSpecial(java.lang.Object, java.lang.Object, java.lang.Object, int, java.lang.Object, int)'> (0x00000000c4ecc030) 
thrown [s\src\hotspot\share\interpreter\linkResolver.cpp, line 759]
Event: 17.805 Thread 0x0000020f8a355360 Exception <a 'java/lang/NoSuchMethodError'{0x00000000c3543d18}: 'java.lang.Object java.lang.invoke.DirectMethodHandle$Holder.invokeStatic(java.lang.Object, int, java.lang.Object)'> (0x00000000c3543d18) 
thrown [s\src\hotspot\share\interpreter\linkResolver.cpp, line 759]
Event: 17.861 Thread 0x0000020f8a314040 Exception <a 'java/lang/NoSuchMethodError'{0x00000000c351d440}: 'java.lang.Object java.lang.invoke.DirectMethodHandle$Holder.invokeStatic(java.lang.Object, java.lang.Object, java.lang.Object, int, java.lang.Object, java.lang.Object)'> (0x00000000c351d440) 
thrown [s\src\hotspot\share\interpreter\linkResolver.cpp, line 759]
Event: 18.740 Thread 0x0000020f8a394060 Exception <a 'java/lang/NoSuchMethodError'{0x00000000c2f01a08}: 'int java.lang.invoke.DirectMethodHandle$Holder.invokeStatic(java.lang.Object)'> (0x00000000c2f01a08) 
thrown [s\src\hotspot\share\interpreter\linkResolver.cpp, line 759]
Event: 18.744 Thread 0x0000020f8a394060 Exception <a 'java/lang/NoSuchMethodError'{0x00000000c2f04e08}: 'int java.lang.invoke.DirectMethodHandle$Holder.invokeStaticInit(java.lang.Object)'> (0x00000000c2f04e08) 
thrown [s\src\hotspot\share\interpreter\linkResolver.cpp, line 759]
Event: 57.639 Thread 0x0000020f8a242b00 Exception <a 'java/lang/NoSuchMethodError'{0x00000000c4d6e6c8}: 'void java.lang.invoke.DirectMethodHandle$Holder.invokeStatic(java.lang.Object, long)'> (0x00000000c4d6e6c8) 
thrown [s\src\hotspot\share\interpreter\linkResolver.cpp, line 759]
Event: 57.667 Thread 0x0000020f8a242b00 Exception <a 'java/lang/NoSuchMethodError'{0x00000000c4d73a70}: 'java.lang.Object java.lang.invoke.DirectMethodHandle$Holder.newInvokeSpecial(java.lang.Object, long)'> (0x00000000c4d73a70) 
thrown [s\src\hotspot\share\interpreter\linkResolver.cpp, line 759]

VM Operations (20 events):
Event: 779.789 Executing VM operation: G1CollectFull done
Event: 794.211 Executing VM operation: G1CollectFull
Event: 794.299 Executing VM operation: G1CollectFull done
Event: 807.232 Executing VM operation: G1CollectFull
Event: 807.271 Executing VM operation: G1CollectFull done
Event: 820.772 Executing VM operation: G1CollectFull
Event: 820.818 Executing VM operation: G1CollectFull done
Event: 835.479 Executing VM operation: G1CollectFull
Event: 835.527 Executing VM operation: G1CollectFull done
Event: 847.776 Executing VM operation: G1CollectFull
Event: 847.822 Executing VM operation: G1CollectFull done
Event: 858.764 Executing VM operation: G1CollectFull
Event: 858.806 Executing VM operation: G1CollectFull done
Event: 869.954 Executing VM operation: G1CollectFull
Event: 869.996 Executing VM operation: G1CollectFull done
Event: 881.556 Executing VM operation: G1CollectFull
Event: 881.607 Executing VM operation: G1CollectFull done
Event: 894.410 Executing VM operation: G1CollectFull
Event: 894.461 Executing VM operation: G1CollectFull done
Event: 910.803 Executing VM operation: G1CollectFull

Events (20 events):
Event: 25.386 loading class java/util/concurrent/CompletableFuture$UniCompose done
Event: 25.387 loading class java/util/concurrent/ForkJoinPool$DefaultCommonPoolForkJoinWorkerThreadFactory$1
Event: 25.387 loading class java/util/concurrent/ForkJoinPool$DefaultCommonPoolForkJoinWorkerThreadFactory$1 done
Event: 25.388 Thread 0x0000020f89a6b260 Thread added: 0x0000020f89a6b260
Event: 25.444 loading class java/util/concurrent/CompletableFuture$UniRelay
Event: 25.444 loading class java/util/concurrent/CompletableFuture$UniRelay done
Event: 56.993 loading class java/lang/ProcessBuilder
Event: 57.166 loading class java/lang/ProcessBuilder done
Event: 57.170 loading class java/lang/ProcessImpl
Event: 57.276 loading class java/lang/ProcessImpl done
Event: 57.672 loading class java/lang/ProcessImpl$2
Event: 57.704 loading class java/lang/ProcessImpl$2 done
Event: 57.706 loading class java/lang/Process$PipeInputStream
Event: 57.708 loading class java/lang/Process$PipeInputStream done
Event: 57.753 loading class jdk/internal/event/ProcessStartEvent
Event: 57.769 loading class jdk/internal/event/ProcessStartEvent done
Event: 66.084 loading class java/io/FileOutputStream$1
Event: 66.087 loading class java/io/FileOutputStream$1 done
Event: 85.452 Thread 0x0000020f89a6b260 Thread exited: 0x0000020f89a6b260
Event: 85.546 Thread 0x0000020f89a69400 Thread exited: 0x0000020f89a69400


Dynamic libraries:
0x00007ff685950000 - 0x00007ff68595e000 	c:\Users\60179\.vscode\extensions\redhat.java-1.26.0-win32-x64\jre\17.0.9-win32-x86_64\bin\java.exe
0x00007ffcdfb70000 - 0x00007ffcdfd68000 	C:\WINDOWS\SYSTEM32\ntdll.dll
0x00007ffcdeb90000 - 0x00007ffcdec4d000 	C:\WINDOWS\System32\KERNEL32.DLL
0x00007ffcdd680000 - 0x00007ffcdd976000 	C:\WINDOWS\System32\KERNELBASE.dll
0x00007ffcdd9f0000 - 0x00007ffcddaf0000 	C:\WINDOWS\System32\ucrtbase.dll
0x00007ffccf0c0000 - 0x00007ffccf0db000 	c:\Users\60179\.vscode\extensions\redhat.java-1.26.0-win32-x64\jre\17.0.9-win32-x86_64\bin\VCRUNTIME140.dll
0x00007ffcd0fc0000 - 0x00007ffcd0fd7000 	c:\Users\60179\.vscode\extensions\redhat.java-1.26.0-win32-x64\jre\17.0.9-win32-x86_64\bin\jli.dll
0x00007ffcde880000 - 0x00007ffcdea1e000 	C:\WINDOWS\System32\USER32.dll
0x00007ffccf400000 - 0x00007ffccf69a000 	C:\WINDOWS\WinSxS\amd64_microsoft.windows.common-controls_6595b64144ccf1df_6.0.19041.3636_none_60b6a03d71f818d5\COMCTL32.dll
0x00007ffcdfa90000 - 0x00007ffcdfb2e000 	C:\WINDOWS\System32\msvcrt.dll
0x00007ffcdee80000 - 0x00007ffcdeeac000 	C:\WINDOWS\System32\GDI32.dll
0x00007ffcdd3e0000 - 0x00007ffcdd402000 	C:\WINDOWS\System32\win32u.dll
0x00007ffcdd560000 - 0x00007ffcdd67a000 	C:\WINDOWS\System32\gdi32full.dll
0x00007ffcdd410000 - 0x00007ffcdd4ad000 	C:\WINDOWS\System32\msvcp_win.dll
0x00007ffcde320000 - 0x00007ffcde350000 	C:\WINDOWS\System32\IMM32.DLL
0x00007ffcdb8e0000 - 0x00007ffcdb8ec000 	c:\Users\60179\.vscode\extensions\redhat.java-1.26.0-win32-x64\jre\17.0.9-win32-x86_64\bin\vcruntime140_1.dll
0x00007ffcb4e30000 - 0x00007ffcb4ebd000 	c:\Users\60179\.vscode\extensions\redhat.java-1.26.0-win32-x64\jre\17.0.9-win32-x86_64\bin\msvcp140.dll
0x00007ffc6eec0000 - 0x00007ffc6fb21000 	c:\Users\60179\.vscode\extensions\redhat.java-1.26.0-win32-x64\jre\17.0.9-win32-x86_64\bin\server\jvm.dll
0x00007ffcdef90000 - 0x00007ffcdf03f000 	C:\WINDOWS\System32\ADVAPI32.dll
0x00007ffcdeaf0000 - 0x00007ffcdeb8c000 	C:\WINDOWS\System32\sechost.dll
0x00007ffcde350000 - 0x00007ffcde476000 	C:\WINDOWS\System32\RPCRT4.dll
0x00007ffcdd0b0000 - 0x00007ffcdd0fb000 	C:\WINDOWS\SYSTEM32\POWRPROF.dll
0x00007ffcd5380000 - 0x00007ffcd5389000 	C:\WINDOWS\SYSTEM32\WSOCK32.dll
0x00007ffcdecf0000 - 0x00007ffcded5b000 	C:\WINDOWS\System32\WS2_32.dll
0x00007ffcda640000 - 0x00007ffcda667000 	C:\WINDOWS\SYSTEM32\WINMM.dll
0x00007ffcd4180000 - 0x00007ffcd418a000 	C:\WINDOWS\SYSTEM32\VERSION.dll
0x00007ffcdd090000 - 0x00007ffcdd0a2000 	C:\WINDOWS\SYSTEM32\UMPDC.dll
0x00007ffcdbab0000 - 0x00007ffcdbac2000 	C:\WINDOWS\SYSTEM32\kernel.appcore.dll
0x00007ffcd1120000 - 0x00007ffcd112a000 	c:\Users\60179\.vscode\extensions\redhat.java-1.26.0-win32-x64\jre\17.0.9-win32-x86_64\bin\jimage.dll
0x00007ffcdb510000 - 0x00007ffcdb6f4000 	C:\WINDOWS\SYSTEM32\DBGHELP.DLL
0x00007ffcc3280000 - 0x00007ffcc32b4000 	C:\WINDOWS\SYSTEM32\dbgcore.DLL
0x00007ffcddaf0000 - 0x00007ffcddb72000 	C:\WINDOWS\System32\bcryptPrimitives.dll
0x00007ffcb9290000 - 0x00007ffcb92b5000 	c:\Users\60179\.vscode\extensions\redhat.java-1.26.0-win32-x64\jre\17.0.9-win32-x86_64\bin\java.dll
0x00007ffcc9700000 - 0x00007ffcc9718000 	c:\Users\60179\.vscode\extensions\redhat.java-1.26.0-win32-x64\jre\17.0.9-win32-x86_64\bin\zip.dll
0x00007ffcddbd0000 - 0x00007ffcde315000 	C:\WINDOWS\System32\SHELL32.dll
0x00007ffcdaca0000 - 0x00007ffcdb43b000 	C:\WINDOWS\SYSTEM32\windows.storage.dll
0x00007ffcdf590000 - 0x00007ffcdf8e4000 	C:\WINDOWS\System32\combase.dll
0x00007ffcdcbc0000 - 0x00007ffcdcbed000 	C:\WINDOWS\SYSTEM32\Wldp.dll
0x00007ffcde7d0000 - 0x00007ffcde87d000 	C:\WINDOWS\System32\SHCORE.dll
0x00007ffcded70000 - 0x00007ffcdedc5000 	C:\WINDOWS\System32\shlwapi.dll
0x00007ffcdd180000 - 0x00007ffcdd1a5000 	C:\WINDOWS\SYSTEM32\profapi.dll
0x00007ffcc7760000 - 0x00007ffcc7779000 	C:\Users\60179\.vscode\extensions\redhat.java-1.26.0-win32-x64\jre\17.0.9-win32-x86_64\bin\net.dll
0x00007ffcd49f0000 - 0x00007ffcd4afa000 	C:\WINDOWS\SYSTEM32\WINHTTP.dll
0x00007ffcdc920000 - 0x00007ffcdc98a000 	C:\WINDOWS\system32\mswsock.dll
0x00007ffcc2640000 - 0x00007ffcc2656000 	C:\Users\60179\.vscode\extensions\redhat.java-1.26.0-win32-x64\jre\17.0.9-win32-x86_64\bin\nio.dll
0x00007ffcdcb10000 - 0x00007ffcdcb28000 	C:\WINDOWS\SYSTEM32\CRYPTSP.dll
0x00007ffcdc210000 - 0x00007ffcdc244000 	C:\WINDOWS\system32\rsaenh.dll
0x00007ffcdd250000 - 0x00007ffcdd277000 	C:\WINDOWS\System32\bcrypt.dll
0x00007ffcdd100000 - 0x00007ffcdd12e000 	C:\WINDOWS\SYSTEM32\USERENV.dll
0x00007ffcdcb30000 - 0x00007ffcdcb3c000 	C:\WINDOWS\SYSTEM32\CRYPTBASE.dll
0x00007ffcdc5f0000 - 0x00007ffcdc62b000 	C:\WINDOWS\SYSTEM32\IPHLPAPI.DLL
0x00007ffcdec50000 - 0x00007ffcdec58000 	C:\WINDOWS\System32\NSI.dll
0x00007ffcd55b0000 - 0x00007ffcd55c7000 	C:\WINDOWS\SYSTEM32\dhcpcsvc6.DLL
0x00007ffcd5850000 - 0x00007ffcd586d000 	C:\WINDOWS\SYSTEM32\dhcpcsvc.DLL
0x00007ffcdc630000 - 0x00007ffcdc6fa000 	C:\WINDOWS\SYSTEM32\DNSAPI.dll
0x00007ffccea70000 - 0x00007ffccea80000 	c:\Users\60179\.vscode\extensions\redhat.java-1.26.0-win32-x64\jre\17.0.9-win32-x86_64\bin\verify.dll
0x00007ffccf760000 - 0x00007ffccf769000 	C:\Users\60179\.vscode\extensions\redhat.java-1.26.0-win32-x64\jre\17.0.9-win32-x86_64\bin\management.dll
0x00007ffccf750000 - 0x00007ffccf75b000 	C:\Users\60179\.vscode\extensions\redhat.java-1.26.0-win32-x64\jre\17.0.9-win32-x86_64\bin\management_ext.dll
0x00007ffcde5b0000 - 0x00007ffcde5b8000 	C:\WINDOWS\System32\PSAPI.DLL

dbghelp: loaded successfully - version: 4.0.5 - missing functions: none
symbol engine: initialized successfully - sym options: 0x614 - pdb path: .;c:\Users\60179\.vscode\extensions\redhat.java-1.26.0-win32-x64\jre\17.0.9-win32-x86_64\bin;C:\WINDOWS\SYSTEM32;C:\WINDOWS\WinSxS\amd64_microsoft.windows.common-controls_6595b64144ccf1df_6.0.19041.3636_none_60b6a03d71f818d5;c:\Users\60179\.vscode\extensions\redhat.java-1.26.0-win32-x64\jre\17.0.9-win32-x86_64\bin\server

VM Arguments:
jvm_args: -XX:+HeapDumpOnOutOfMemoryError -Xmx1024m -Dsts.lsp.client=vscode -Dsts.log.file=/dev/null -XX:TieredStopAtLevel=1 -Xlog:jni+resolve=off -Dspring.config.location=file:c:\Users\60179\.vscode\extensions\vmware.vscode-spring-boot-1.51.0\language-server\BOOT-INF\classes\application.properties 
java_command: org.springframework.ide.vscode.boot.app.BootLanguageServerBootApp
java_class_path (initial): c:\Users\60179\.vscode\extensions\vmware.vscode-spring-boot-1.51.0\language-server\BOOT-INF\classes;c:\Users\60179\.vscode\extensions\vmware.vscode-spring-boot-1.51.0\language-server\BOOT-INF\lib\annotations-24.1.0.jar;c:\Users\60179\.vscode\extensions\vmware.vscode-spring-boot-1.51.0\language-server\BOOT-INF\lib\antlr-runtime-3.5.3.jar;c:\Users\60179\.vscode\extensions\vmware.vscode-spring-boot-1.51.0\language-server\BOOT-INF\lib\antlr4-4.11.1.jar;c:\Users\60179\.vscode\extensions\vmware.vscode-spring-boot-1.51.0\language-server\BOOT-INF\lib\antlr4-runtime-4.11.1.jar;c:\Users\60179\.vscode\extensions\vmware.vscode-spring-boot-1.51.0\language-server\BOOT-INF\lib\asm-9.6.jar;c:\Users\60179\.vscode\extensions\vmware.vscode-spring-boot-1.51.0\language-server\BOOT-INF\lib\asm-analysis-9.6.jar;c:\Users\60179\.vscode\extensions\vmware.vscode-spring-boot-1.51.0\language-server\BOOT-INF\lib\asm-tree-9.6.jar;c:\Users\60179\.vscode\extensions\vmware.vscode-spring-boot-1.51.0\language-server\BOOT-INF\lib\asm-util-9.6.jar;c:\Users\60179\.vscode\extensions\vmware.vscode-spring-boot-1.51.0\language-server\BOOT-INF\lib\bosh-language-server-1.51.0-SNAPSHOT.jar;c:\Users\60179\.vscode\extensions\vmware.vscode-spring-boot-1.51.0\language-server\BOOT-INF\lib\caffeine-3.1.8.jar;c:\Users\60179\.vscode\extensions\vmware.vscode-spring-boot-1.51.0\language-server\BOOT-INF\lib\checker-qual-3.12.0.jar;c:\Users\60179\.vscode\extensions\vmware.vscode-spring-boot-1.51.0\language-server\BOOT-INF\lib\classgraph-4.8.149.jar;c:\Users\60179\.vscode\extensions\vmware.vscode-spring-boot-1.51.0\language-server\BOOT-INF\lib\commons-codec-1.15.jar;c:\Users\60179\.vscode\extensions\vmware.vscode-spring-boot-1.51.0\language-server\BOOT-INF\lib\commons-compress-1.25.0.jar;c:\Users\60179\.vscode\extensions\vmware.vscode-spring-boot-1.51.0\language-server\BOOT-INF\lib\commons-io-2.4.jar;c:\Users\60179\.vscode\extensions\vmware.vscode-spring-boot-1.51.0\language-server\BOOT-INF\lib\
Launcher Type: SUN_STANDARD

[Global flags]
     intx CICompilerCount                          = 4                                         {product} {ergonomic}
     uint ConcGCThreads                            = 2                                         {product} {ergonomic}
     uint G1ConcRefinementThreads                  = 8                                         {product} {ergonomic}
   size_t G1HeapRegionSize                         = 1048576                                   {product} {ergonomic}
    uintx GCDrainStackTargetSize                   = 64                                        {product} {ergonomic}
     bool HeapDumpOnOutOfMemoryError               = true                                   {manageable} {command line}
   size_t InitialHeapSize                          = 117440512                                 {product} {ergonomic}
   size_t MarkStackSize                            = 4194304                                   {product} {ergonomic}
   size_t MaxHeapSize                              = 1073741824                                {product} {command line}
   size_t MaxNewSize                               = 643825664                                 {product} {ergonomic}
   size_t MinHeapDeltaBytes                        = 1048576                                   {product} {ergonomic}
   size_t MinHeapSize                              = 8388608                                   {product} {ergonomic}
    uintx NonProfiledCodeHeapSize                  = 0                                      {pd product} {ergonomic}
     bool ProfileInterpreter                       = false                                  {pd product} {command line}
    uintx ProfiledCodeHeapSize                     = 0                                      {pd product} {ergonomic}
   size_t SoftMaxHeapSize                          = 1073741824                             {manageable} {ergonomic}
     intx TieredStopAtLevel                        = 1                                         {product} {command line}
     bool UseCompressedClassPointers               = true                           {product lp64_product} {ergonomic}
     bool UseCompressedOops                        = true                           {product lp64_product} {ergonomic}
     bool UseG1GC                                  = true                                      {product} {ergonomic}
     bool UseLargePagesIndividualAllocation        = false                                  {pd product} {ergonomic}

Logging:
Log output configuration:
 #0: stdout all=warning,jni+resolve=off uptime,level,tags
 #1: stderr all=off uptime,level,tags

Environment Variables:
PATH="C:\xampp\php; C:\oraclexe\app\oracle\product\11.2.0\server\bin";C:\Program Files\Common Files\Oracle\Java\javapath;C:\WINDOWS\system32;C:\WINDOWS;C:\WINDOWS\System32\Wbem;C:\WINDOWS\System32\WindowsPowerShell\v1.0\;C:\WINDOWS\System32\OpenSSH\;C:\Program Files\Microsoft SQL Server\130\Tools\Binn\;C:\xampp\php;C:\composer;D:\MATLAB\bin;C:\Users\60179\AppData\Local\Pub\Cache\bin;C:\Program Files\Docker\Docker\resources\bin;C:\Program Files\Git\cmd;C:\Users\60179\AppData\Local\Programs\Python\Launcher\;C:\Users\60179\AppData\Local\Microsoft\WindowsApps;C:\Users\60179\AppData\Local\Programs\Microsoft VS Code\bin;C:\Users\60179\AppData\Roaming\Composer\vendor\bin;C:\src\flutter\bin
USERNAME=60179
OS=Windows_NT
PROCESSOR_IDENTIFIER=AMD64 Family 23 Model 24 Stepping 1, AuthenticAMD
TMP=C:\Users\60179\AppData\Local\Temp
TEMP=C:\Users\60179\AppData\Local\Temp



Periodic native trim disabled


---------------  S Y S T E M  ---------------

OS:
 Windows 10 , 64 bit Build 19041 (10.0.19041.3636)
OS uptime: 21 days 16:26 hours
Hyper-V role detected

CPU: total 8 (initial active 8) (8 cores per cpu, 2 threads per core) family 23 model 24 stepping 1 microcode 0x0, cx8, cmov, fxsr, ht, mmx, 3dnowpref, sse, sse2, sse3, ssse3, sse4a, sse4.1, sse4.2, popcnt, lzcnt, tsc, tscinvbit, avx, avx2, aes, clmul, bmi1, bmi2, adx, sha, fma, vzeroupper, clflush, clflushopt, hv
Processor Information for all 8 processors :
  Max Mhz: 2100, Current Mhz: 2100, Mhz Limit: 2100

Memory: 4k page, system-wide physical 7103M (146M free)
TotalPageFile size 28607M (AvailPageFile size 6M)
current process WorkingSet (physical memory assigned to process): 23M, peak: 156M
current process commit charge ("private bytes"): 200M, peak: 215M

vm_info: OpenJDK 64-Bit Server VM (17.0.9+9) for windows-amd64 JRE (17.0.9+9), built on Oct 26 2023 14:01:42 by "admin" with MS VC++ 16.10 / 16.11 (VS2019)

END.
